<?xml version="1.0" encoding="UTF-8"?>
<!-- Generated by org.testng.reporters.JUnitReportReporter -->
<testsuite hostname="Pratiksha" failures="0" tests="1" name="Project_Mav.JavaSE" time="3.532" errors="0" timestamp="2022-12-15T16:28:37 IST" skipped="0">
  <testcase classname="Project_Mav.JavaSE" name="Testcase1" time="3.532"/>
  <system-out/>
</testsuite> <!-- Project_Mav.JavaSE -->
