<?xml version="1.0" encoding="UTF-8"?>
<!-- Generated by org.testng.reporters.JUnitReportReporter -->
<testsuite hostname="Pratiksha" failures="0" tests="3" name="Project_Mav.Groups" time="0.015" errors="0" timestamp="2023-02-07T23:45:26 GMT-05:00" skipped="0">
  <testcase classname="Project_Mav.Groups" name="testcase1" time="0.012"/>
  <system-out/>
  <testcase classname="Project_Mav.Groups" name="testcase2" time="0.002"/>
  <system-out/>
  <testcase classname="Project_Mav.Groups" name="testcase3" time="0.001"/>
  <system-out/>
</testsuite> <!-- Project_Mav.Groups -->
