<?xml version="1.0" encoding="UTF-8"?>
<!-- Generated by org.testng.reporters.JUnitReportReporter -->
<testsuite hostname="Pratiksha" failures="0" tests="2" name="Project_Mav.NewTrick" time="51.716" errors="0" timestamp="2023-01-14T19:11:08 GMT-05:00" skipped="1">
  <testcase classname="Project_Mav.NewTrick" name="Browser" time="51.716"/>
  <system-out/>
  <testcase classname="Project_Mav.NewTrick" name="Alert">
    <skipped/>
  </testcase> <!-- Alert -->
  <system-out/>
</testsuite> <!-- Project_Mav.NewTrick -->
