<?xml version="1.0" encoding="UTF-8"?>
<!-- Generated by org.testng.reporters.JUnitReportReporter -->
<testsuite hostname="Pratiksha" failures="0" tests="2" name="Project_Mav.data_provider" time="26.933" errors="0" timestamp="2023-02-10T00:03:56 GMT-05:00" skipped="0">
  <testcase classname="Project_Mav.data_provider" name="f" time="13.518"/>
  <system-out/>
  <testcase classname="Project_Mav.data_provider" name="f" time="13.415"/>
  <system-out/>
</testsuite> <!-- Project_Mav.data_provider -->
