<?xml version="1.0" encoding="UTF-8"?>
<!-- Generated by org.testng.reporters.JUnitReportReporter -->
<testsuite hostname="Pratiksha" failures="0" tests="1" name="testng.MavTestng" time="0.140" errors="0" timestamp="2022-12-12T15:52:21 IST" skipped="0">
  <testcase classname="testng.MavTestng" name="Actions" time="0.140"/>
  <system-out/>
</testsuite> <!-- testng.MavTestng -->
