<?xml version="1.0" encoding="UTF-8"?>
<!-- Generated by org.testng.reporters.JUnitReportReporter -->
<testsuite hostname="Pratiksha" failures="0" tests="1" name="Project_Mav.frames" time="0.192" errors="0" timestamp="2022-12-16T15:55:07 IST" skipped="0">
  <testcase classname="Project_Mav.frames" name="Frames" time="0.192"/>
  <system-out/>
</testsuite> <!-- Project_Mav.frames -->
