<?xml version="1.0" encoding="UTF-8"?>
<!-- Generated by org.testng.reporters.JUnitReportReporter -->
<testsuite hostname="Pratiksha" failures="0" tests="3" name="Demotng.demotestng" time="8.532" errors="0" timestamp="2022-12-07T16:23:38 IST" skipped="1">
  <testcase classname="Demotng.demotestng" name="login" time="3.392"/>
  <system-out/>
  <testcase classname="Demotng.demotestng" name="logout" time="5.140"/>
  <system-out/>
  <testcase classname="Demotng.demotestng" name="Admin">
    <skipped/>
  </testcase> <!-- Admin -->
  <system-out/>
</testsuite> <!-- Demotng.demotestng -->
