<?xml version="1.0" encoding="UTF-8"?>
<!-- Generated by org.testng.reporters.JUnitReportReporter -->
<testsuite hostname="Pratiksha" failures="0" tests="7" name="AssignDemoQA.RahulShettypractice" time="107.272" errors="0" timestamp="2023-01-03T12:08:18 GMT-05:00" skipped="0">
  <testcase classname="AssignDemoQA.RahulShettypractice" name="radio" time="35.365"/>
  <system-out/>
  <testcase classname="AssignDemoQA.RahulShettypractice" name="window" time="5.239"/>
  <system-out/>
  <testcase classname="AssignDemoQA.RahulShettypractice" name="tab" time="6.219"/>
  <system-out/>
  <testcase classname="AssignDemoQA.RahulShettypractice" name="alerts" time="15.540"/>
  <system-out/>
  <testcase classname="AssignDemoQA.RahulShettypractice" name="elements" time="8.277"/>
  <system-out/>
  <testcase classname="AssignDemoQA.RahulShettypractice" name="mousehover" time="6.552"/>
  <system-out/>
  <testcase classname="AssignDemoQA.RahulShettypractice" name="frames" time="30.080"/>
  <system-out/>
</testsuite> <!-- AssignDemoQA.RahulShettypractice -->
