<?xml version="1.0" encoding="UTF-8"?>
<!-- Generated by org.testng.reporters.JUnitReportReporter -->
<testsuite hostname="Pratiksha" failures="0" tests="1" name="Mouse1.Mousehover" time="0.006" errors="0" timestamp="2022-12-09T15:42:02 IST" skipped="0">
  <testcase classname="Mouse1.Mousehover" name="f" time="0.006"/>
  <system-out/>
</testsuite> <!-- Mouse1.Mousehover -->
